# JRE version: OpenJDK Runtime Environment (11.0.12+7) (build 11.0.12+7-b1504.28-7817840)
# Java VM: OpenJDK 64-Bit Server VM (11.0.12+7-b1504.28-7817840, mixed mode, tiered, compressed oops, g1 gc, windows-amd64)
Heap:
 garbage-first heap   total 227328K, used 154789K [0x0000000080000000, 0x0000000100000000)
  region size 1024K, 50 young (51200K), 9 survivors (9216K)
 Metaspace       used 100537K, capacity 103320K, committed 103468K, reserved 1138688K
  class space    used 12937K, capacity 13918K, committed 13952K, reserved 1048576K
GC Heap History (20 events):
Event: 2.896 GC heap before
{Heap before GC invocations=5 (full 0):
 garbage-first heap   total 227328K, used 37621K [0x0000000080000000, 0x0000000100000000)
  region size 1024K, 12 young (12288K), 9 survivors (9216K)
 Metaspace       used 34815K, capacity 35712K, committed 35840K, reserved 1081344K
  class space    used 4638K, capacity 4964K, committed 4992K, reserved 1048576K
}
Event: 2.901 GC heap after
{Heap after GC invocations=6 (full 0):
 garbage-first heap   total 227328K, used 36141K [0x0000000080000000, 0x0000000100000000)
  region size 1024K, 8 young (8192K), 8 survivors (8192K)
 Metaspace       used 34815K, capacity 35712K, committed 35840K, reserved 1081344K
  class space    used 4638K, capacity 4964K, committed 4992K, reserved 1048576K
}
Event: 3.780 GC heap before
{Heap before GC invocations=7 (full 0):
 garbage-first heap   total 227328K, used 148781K [0x0000000080000000, 0x0000000100000000)
  region size 1024K, 111 young (113664K), 8 survivors (8192K)
 Metaspace       used 44911K, capacity 46051K, committed 46208K, reserved 1089536K
  class space    used 5776K, capacity 6200K, committed 6272K, reserved 1048576K
}
Event: 3.787 GC heap after
{Heap after GC invocations=8 (full 0):
 garbage-first heap   total 227328K, used 48945K [0x0000000080000000, 0x0000000100000000)
  region size 1024K, 9 young (9216K), 9 survivors (9216K)
 Metaspace       used 44911K, capacity 46051K, committed 46208K, reserved 1089536K
  class space    used 5776K, capacity 6200K, committed 6272K, reserved 1048576K
}
Event: 5.163 GC heap before
{Heap before GC invocations=8 (full 0):
 garbage-first heap   total 227328K, used 157489K [0x0000000080000000, 0x0000000100000000)
  region size 1024K, 111 young (113664K), 9 survivors (9216K)
 Metaspace       used 51367K, capacity 52983K, committed 53248K, reserved 1095680K
  class space    used 6611K, capacity 7141K, committed 7168K, reserved 1048576K
}
Event: 5.169 GC heap after
{Heap after GC invocations=9 (full 0):
 garbage-first heap   total 227328K, used 58547K [0x0000000080000000, 0x0000000100000000)
  region size 1024K, 6 young (6144K), 6 survivors (6144K)
 Metaspace       used 51367K, capacity 52983K, committed 53248K, reserved 1095680K
  class space    used 6611K, capacity 7141K, committed 7168K, reserved 1048576K
}
Event: 7.604 GC heap before
{Heap before GC invocations=9 (full 0):
 garbage-first heap   total 227328K, used 146611K [0x0000000080000000, 0x0000000100000000)
  region size 1024K, 89 young (91136K), 6 survivors (6144K)
 Metaspace       used 58399K, capacity 60167K, committed 60288K, reserved 1101824K
  class space    used 7471K, capacity 8080K, committed 8192K, reserved 1048576K
}
Event: 7.612 GC heap after
{Heap after GC invocations=10 (full 0):
 garbage-first heap   total 227328K, used 70835K [0x0000000080000000, 0x0000000100000000)
  region size 1024K, 14 young (14336K), 14 survivors (14336K)
 Metaspace       used 58399K, capacity 60167K, committed 60288K, reserved 1101824K
  class space    used 7471K, capacity 8080K, committed 8192K, reserved 1048576K
}
Event: 8.391 GC heap before
{Heap before GC invocations=11 (full 0):
 garbage-first heap   total 227328K, used 165043K [0x0000000080000000, 0x0000000100000000)
  region size 1024K, 106 young (108544K), 14 survivors (14336K)
 Metaspace       used 67815K, capacity 69719K, committed 69760K, reserved 1110016K
  class space    used 8666K, capacity 9307K, committed 9344K, reserved 1048576K
}
Event: 8.400 GC heap after
{Heap after GC invocations=12 (full 0):
 garbage-first heap   total 227328K, used 77071K [0x0000000080000000, 0x0000000100000000)
  region size 1024K, 7 young (7168K), 7 survivors (7168K)
 Metaspace       used 67815K, capacity 69719K, committed 69760K, reserved 1110016K
  class space    used 8666K, capacity 9307K, committed 9344K, reserved 1048576K
}
Event: 9.009 GC heap before
{Heap before GC invocations=12 (full 0):
 garbage-first heap   total 227328K, used 180495K [0x0000000080000000, 0x0000000100000000)
  region size 1024K, 98 young (100352K), 7 survivors (7168K)
 Metaspace       used 74856K, capacity 76942K, committed 77056K, reserved 1116160K
  class space    used 9757K, capacity 10470K, committed 10496K, reserved 1048576K
}
Event: 9.015 GC heap after
{Heap after GC invocations=13 (full 0):
 garbage-first heap   total 227328K, used 94690K [0x0000000080000000, 0x0000000100000000)
  region size 1024K, 13 young (13312K), 13 survivors (13312K)
 Metaspace       used 74856K, capacity 76942K, committed 77056K, reserved 1116160K
  class space    used 9757K, capacity 10470K, committed 10496K, reserved 1048576K
}
Event: 9.683 GC heap before
{Heap before GC invocations=13 (full 0):
 garbage-first heap   total 227328K, used 178658K [0x0000000080000000, 0x0000000100000000)
  region size 1024K, 95 young (97280K), 13 survivors (13312K)
 Metaspace       used 82365K, capacity 84618K, committed 84736K, reserved 1122304K
  class space    used 10710K, capacity 11472K, committed 11520K, reserved 1048576K
}
Event: 9.692 GC heap after
{Heap after GC invocations=14 (full 0):
 garbage-first heap   total 227328K, used 100297K [0x0000000080000000, 0x0000000100000000)
  region size 1024K, 6 young (6144K), 6 survivors (6144K)
 Metaspace       used 82365K, capacity 84618K, committed 84736K, reserved 1122304K
  class space    used 10710K, capacity 11472K, committed 11520K, reserved 1048576K
}
Event: 10.625 GC heap before
{Heap before GC invocations=14 (full 0):
 garbage-first heap   total 227328K, used 180169K [0x0000000080000000, 0x0000000100000000)
  region size 1024K, 85 young (87040K), 6 survivors (6144K)
 Metaspace       used 90539K, capacity 92966K, committed 93056K, reserved 1130496K
  class space    used 11742K, capacity 12586K, committed 12672K, reserved 1048576K
}
Event: 10.630 GC heap after
{Heap after GC invocations=15 (full 0):
 garbage-first heap   total 227328K, used 105533K [0x0000000080000000, 0x0000000100000000)
  region size 1024K, 11 young (11264K), 11 survivors (11264K)
 Metaspace       used 90539K, capacity 92966K, committed 93056K, reserved 1130496K
  class space    used 11742K, capacity 12586K, committed 12672K, reserved 1048576K
}
Event: 11.168 GC heap before
{Heap before GC invocations=15 (full 0):
 garbage-first heap   total 227328K, used 182333K [0x0000000080000000, 0x0000000100000000)
  region size 1024K, 87 young (89088K), 11 survivors (11264K)
 Metaspace       used 94643K, capacity 97071K, committed 97280K, reserved 1134592K
  class space    used 12201K, capacity 13055K, committed 13056K, reserved 1048576K
}
Event: 11.175 GC heap after
{Heap after GC invocations=16 (full 0):
 garbage-first heap   total 227328K, used 110816K [0x0000000080000000, 0x0000000100000000)
  region size 1024K, 11 young (11264K), 11 survivors (11264K)
 Metaspace       used 94643K, capacity 97071K, committed 97280K, reserved 1134592K
  class space    used 12201K, capacity 13055K, committed 13056K, reserved 1048576K
}
Event: 11.688 GC heap before
{Heap before GC invocations=16 (full 0):
 garbage-first heap   total 227328K, used 145632K [0x0000000080000000, 0x0000000100000000)
  region size 1024K, 46 young (47104K), 11 survivors (11264K)
 Metaspace       used 98069K, capacity 100754K, committed 100908K, reserved 1136640K
  class space    used 12635K, capacity 13632K, committed 13696K, reserved 1048576K
}
Event: 11.695 GC heap after
{Heap after GC invocations=17 (full 0):
 garbage-first heap   total 227328K, used 113829K [0x0000000080000000, 0x0000000100000000)
  region size 1024K, 9 young (9216K), 9 survivors (9216K)
 Metaspace       used 98069K, capacity 100754K, committed 100908K, reserved 1136640K
  class space    used 12635K, capacity 13632K, committed 13696K, reserved 1048576K
}

