# JRE version: OpenJDK Runtime Environment (11.0.12+7) (build 11.0.12+7-b1504.28-7817840)
# Java VM: OpenJDK 64-Bit Server VM (11.0.12+7-b1504.28-7817840, mixed mode, tiered, compressed oops, g1 gc, windows-amd64)
Heap:
 garbage-first heap   total 227328K, used 128683K [0x0000000080000000, 0x0000000100000000)
  region size 1024K, 98 young (100352K), 12 survivors (12288K)
 Metaspace       used 50344K, capacity 51833K, committed 51920K, reserved 1095680K
  class space    used 6288K, capacity 6743K, committed 6784K, reserved 1048576K
GC Heap History (10 events):
Event: 0.494 GC heap before
{Heap before GC invocations=0 (full 0):
 garbage-first heap   total 227328K, used 29696K [0x0000000080000000, 0x0000000100000000)
  region size 1024K, 24 young (24576K), 0 survivors (0K)
 Metaspace       used 10708K, capacity 10942K, committed 11264K, reserved 1058816K
  class space    used 1127K, capacity 1201K, committed 1280K, reserved 1048576K
}
Event: 0.497 GC heap after
{Heap after GC invocations=1 (full 0):
 garbage-first heap   total 227328K, used 8384K [0x0000000080000000, 0x0000000100000000)
  region size 1024K, 3 young (3072K), 3 survivors (3072K)
 Metaspace       used 10708K, capacity 10942K, committed 11264K, reserved 1058816K
  class space    used 1127K, capacity 1201K, committed 1280K, reserved 1048576K
}
Event: 2.116 GC heap before
{Heap before GC invocations=1 (full 0):
 garbage-first heap   total 227328K, used 89280K [0x0000000080000000, 0x0000000100000000)
  region size 1024K, 83 young (84992K), 3 survivors (3072K)
 Metaspace       used 20631K, capacity 21077K, committed 21296K, reserved 1069056K
  class space    used 2414K, capacity 2579K, committed 2688K, reserved 1048576K
}
Event: 2.123 GC heap after
{Heap after GC invocations=2 (full 0):
 garbage-first heap   total 227328K, used 15900K [0x0000000080000000, 0x0000000100000000)
  region size 1024K, 11 young (11264K), 11 survivors (11264K)
 Metaspace       used 20631K, capacity 21077K, committed 21296K, reserved 1069056K
  class space    used 2414K, capacity 2579K, committed 2688K, reserved 1048576K
}
Event: 2.631 GC heap before
{Heap before GC invocations=3 (full 0):
 garbage-first heap   total 227328K, used 53788K [0x0000000080000000, 0x0000000100000000)
  region size 1024K, 48 young (49152K), 11 survivors (11264K)
 Metaspace       used 25160K, capacity 25721K, committed 25904K, reserved 1071104K
  class space    used 3158K, capacity 3368K, committed 3456K, reserved 1048576K
}
Event: 2.635 GC heap after
{Heap after GC invocations=4 (full 0):
 garbage-first heap   total 227328K, used 17540K [0x0000000080000000, 0x0000000100000000)
  region size 1024K, 2 young (2048K), 2 survivors (2048K)
 Metaspace       used 25160K, capacity 25721K, committed 25904K, reserved 1071104K
  class space    used 3158K, capacity 3368K, committed 3456K, reserved 1048576K
}
Event: 4.174 GC heap before
{Heap before GC invocations=4 (full 0):
 garbage-first heap   total 227328K, used 95364K [0x0000000080000000, 0x0000000100000000)
  region size 1024K, 69 young (70656K), 2 survivors (2048K)
 Metaspace       used 35003K, capacity 35819K, committed 35920K, reserved 1081344K
  class space    used 4471K, capacity 4797K, committed 4864K, reserved 1048576K
}
Event: 4.179 GC heap after
{Heap after GC invocations=5 (full 0):
 garbage-first heap   total 227328K, used 33171K [0x0000000080000000, 0x0000000100000000)
  region size 1024K, 8 young (8192K), 8 survivors (8192K)
 Metaspace       used 35003K, capacity 35819K, committed 35920K, reserved 1081344K
  class space    used 4471K, capacity 4797K, committed 4864K, reserved 1048576K
}
Event: 5.623 GC heap before
{Heap before GC invocations=6 (full 0):
 garbage-first heap   total 227328K, used 131475K [0x0000000080000000, 0x0000000100000000)
  region size 1024K, 102 young (104448K), 8 survivors (8192K)
 Metaspace       used 45595K, capacity 46664K, committed 46800K, reserved 1089536K
  class space    used 5586K, capacity 5945K, committed 6016K, reserved 1048576K
}
Event: 5.632 GC heap after
{Heap after GC invocations=7 (full 0):
 garbage-first heap   total 227328K, used 39595K [0x0000000080000000, 0x0000000100000000)
  region size 1024K, 12 young (12288K), 12 survivors (12288K)
 Metaspace       used 45595K, capacity 46664K, committed 46800K, reserved 1089536K
  class space    used 5586K, capacity 5945K, committed 6016K, reserved 1048576K
}

